[18:10:22] [main/INFO] (FabricLoader/GameProvider) Loading Minecraft 1.20 with Fabric Loader 0.16.10
[18:10:22] [ForkJoinPool-1-worker-5/WARN] (FabricLoader/Metadata) Mod org_cloudburstmc_netty_netty-transport-raknet uses the version 1.0.0.CR3-SNAPSHOT which isn't compatible with Loader's extended semantic version format (Could not parse version number component 'CR3'!), SemVer is recommended for reliably evaluating dependencies and prioritizing newer version
[18:10:22] [ForkJoinPool-1-worker-3/WARN] (FabricLoader/Metadata) Mod com_github_oryxel_cubeconverter uses the version 25bc6ce1b1 which isn't compatible with Loader's extended semantic version format (Could not parse version number component '25bc6ce1b1'!), SemVer is recommended for reliably evaluating dependencies and prioritizing newer version
[18:10:22] [main/WARN] (FabricLoader/Resolution) Mod resolution failed
[18:10:22] [main/INFO] (FabricLoader/Resolution) Immediate reason: [HARD_DEP_INCOMPATIBLE_PRESELECTED modmenu 13.0.1 {depends minecraft @ [>=1.21.4-rc.3]}, ROOT_FORCELOAD_SINGLE modmenu 13.0.1]
[18:10:22] [main/INFO] (FabricLoader/Resolution) Reason: [HARD_DEP modmenu 13.0.1 {depends minecraft @ [>=1.21.4-rc.3]}, HARD_DEP placeholder-api 2.5.2+1.21.3 {depends minecraft @ [>=1.21.2-alpha.24.33.a]}, HARD_DEP viafabricplus 4.0.1 {depends minecraft @ [1.21.4]}]
[18:10:22] [main/INFO] (FabricLoader/Resolution) Fix: add [], remove [], replace [[placeholder-api 2.5.2+1.21.3, placeholder-api 2.5.1+1.21.3] -> add:placeholder-api 1 ([(-∞,∞)]), [modmenu 13.0.1] -> add:modmenu 1 ([(-∞,∞)]), [viafabricplus 4.0.1] -> add:viafabricplus 4.0.1 ([(-∞,∞)])]
[18:10:22] [main/ERROR] (FabricLoader) Incompatible mods found!
net.fabricmc.loader.impl.FormattedException: Some of your mods are incompatible with the game or each other!
A potential solution has been determined, this may resolve your problem:
	 - Replace mod 'Placeholder API' (placeholder-api) 2.5.1+1.21.3 and mod 'Placeholder API' (placeholder-api) 2.5.2+1.21.3 with mod 'Placeholder API' (placeholder-api), any version.
	 - Replace mod 'Mod Menu' (modmenu) 13.0.1 with any version that is compatible with:
		 - minecraft 1.20
	 - Replace mod 'ViaFabricPlus' (viafabricplus) 4.0.1 with any version that is compatible with:
		 - fabric-resource-loader-v0 0.11.7+f7923f6d27
		 - fabric-networking-api-v1 1.3.8+b3afc78b27
		 - fabric-command-api-v2 2.2.11+b3afc78b27
		 - fabric-lifecycle-events-v1 2.2.20+b3afc78b27
		 - fabric-particles-v1 1.0.28+b3afc78b27
		 - fabric-registry-sync-v0 2.2.6+b3afc78b27
		 - minecraft 1.20
More details:
	 - Mod 'Mod Menu' (modmenu) 13.0.1 requires version 1.21.4-rc.3 or later of 'Minecraft' (minecraft), but only the wrong version is present: 1.20!
	 - Mod 'Placeholder API' (placeholder-api) 2.5.2+1.21.3 requires version 1.21.2-alpha.24.33.a or later of 'Minecraft' (minecraft), but only the wrong version is present: 1.20!
	 - Mod 'ViaFabricPlus' (viafabricplus) 4.0.1 requires version 1.21.4 of 'Minecraft' (minecraft), but only the wrong version is present: 1.20!
	at net.fabricmc.loader.impl.FormattedException.ofLocalized(FormattedException.java:51) ~[fabric-loader-0.16.10.jar:?]
	at net.fabricmc.loader.impl.FabricLoaderImpl.load(FabricLoaderImpl.java:196) ~[fabric-loader-0.16.10.jar:?]
	at net.fabricmc.loader.impl.launch.knot.Knot.init(Knot.java:146) ~[fabric-loader-0.16.10.jar:?]
	at net.fabricmc.loader.impl.launch.knot.Knot.launch(Knot.java:68) ~[fabric-loader-0.16.10.jar:?]
	at net.fabricmc.loader.impl.launch.knot.KnotClient.main(KnotClient.java:23) ~[fabric-loader-0.16.10.jar:?]
	at net.fabricmc.devlaunchinjector.Main.main(Main.java:86) ~[?:?]
[18:10:23] [main/WARN] (FabricLoader) Failed to open the error gui!
java.io.IOException: subprocess exited with code 134
	at net.fabricmc.loader.impl.gui.FabricGuiEntry.openForked(FabricGuiEntry.java:90) ~[fabric-loader-0.16.10.jar:?]
	at net.fabricmc.loader.impl.gui.FabricGuiEntry.open(FabricGuiEntry.java:53) ~[fabric-loader-0.16.10.jar:?]
	at net.fabricmc.loader.impl.gui.FabricGuiEntry.displayError(FabricGuiEntry.java:141) ~[fabric-loader-0.16.10.jar:?]
	at net.fabricmc.loader.impl.gui.FabricGuiEntry.displayError(FabricGuiEntry.java:108) ~[fabric-loader-0.16.10.jar:?]
	at net.fabricmc.loader.impl.launch.FabricLauncherBase.handleFormattedException(FabricLauncherBase.java:86) ~[fabric-loader-0.16.10.jar:?]
	at net.fabricmc.loader.impl.launch.knot.Knot.launch(Knot.java:76) ~[fabric-loader-0.16.10.jar:?]
	at net.fabricmc.loader.impl.launch.knot.KnotClient.main(KnotClient.java:23) ~[fabric-loader-0.16.10.jar:?]
	at net.fabricmc.devlaunchinjector.Main.main(Main.java:86) ~[?:?]
